2023-05-28 09:40:55 2: SERVER -> CLIENT: 220 smtp.gmail.com ESMTP c10-20020a170903234a00b0019aeddce6casm6029323plh.205 - gsmtp
2023-05-28 09:40:55 1: CLIENT -> SERVER: EHLO localhost
2023-05-28 09:40:55 2: SERVER -> CLIENT: 250-smtp.gmail.com at your service, [211.105.107.96]
250-SIZE 35882577
250-8BITMIME
250-STARTTLS
250-ENHANCEDSTATUSCODES
250-PIPELINING
250-CHUNKING
250 SMTPUTF8
2023-05-28 09:40:55 1: CLIENT -> SERVER: STARTTLS
2023-05-28 09:40:56 2: SERVER -> CLIENT: 220 2.0.0 Ready to start TLS
2023-05-28 09:40:56 1: CLIENT -> SERVER: EHLO localhost
2023-05-28 09:40:57 2: SERVER -> CLIENT: 250-smtp.gmail.com at your service, [211.105.107.96]
250-SIZE 35882577
250-8BITMIME
250-AUTH LOGIN PLAIN XOAUTH2 PLAIN-CLIENTTOKEN OAUTHBEARER XOAUTH
250-ENHANCEDSTATUSCODES
250-PIPELINING
250-CHUNKING
250 SMTPUTF8
2023-05-28 09:40:57 1: CLIENT -> SERVER: AUTH LOGIN
2023-05-28 09:40:57 2: SERVER -> CLIENT: 334 VXNlcm5hbWU6
2023-05-28 09:40:57 1: CLIENT -> SERVER: [credentials hidden]2023-05-28 09:40:58 2: SERVER -> CLIENT: 334 UGFzc3dvcmQ6
2023-05-28 09:40:58 1: CLIENT -> SERVER: [credentials hidden]2023-05-28 09:40:58 2: SERVER -> CLIENT: 535-5.7.8 Username and Password not accepted. Learn more at
535 5.7.8  https://support.google.com/mail/?p=BadCredentials c10-20020a170903234a00b0019aeddce6casm6029323plh.205 - gsmtp
2023-05-28 09:40:58 1: SMTP ERROR: Password command failed: 535-5.7.8 Username and Password not accepted. Learn more at
535 5.7.8  https://support.google.com/mail/?p=BadCredentials c10-20020a170903234a00b0019aeddce6casm6029323plh.205 - gsmtp
2023-05-28 09:40:58 2: SMTP Error: Could not authenticate.2023-05-28 09:40:58 1: CLIENT -> SERVER: QUIT
2023-05-28 09:40:59 2: SERVER -> CLIENT: 221 2.0.0 closing connection c10-20020a170903234a00b0019aeddce6casm6029323plh.205 - gsmtp
2023-05-28 09:40:59 2: SMTP connect() failed. https://github.com/PHPMailer/PHPMailer/wiki/Troubleshooting2023-05-28 09:44:14 2: SERVER -> CLIENT: 220 smtp.gmail.com ESMTP nu3-20020a17090b1b0300b00250aa8ef89csm2139126pjb.18 - gsmtp
2023-05-28 09:44:14 1: CLIENT -> SERVER: EHLO localhost
2023-05-28 09:44:15 2: SERVER -> CLIENT: 250-smtp.gmail.com at your service, [211.105.107.96]
250-SIZE 35882577
250-8BITMIME
250-STARTTLS
250-ENHANCEDSTATUSCODES
250-PIPELINING
250-CHUNKING
250 SMTPUTF8
2023-05-28 09:44:15 1: CLIENT -> SERVER: STARTTLS
2023-05-28 09:44:15 2: SERVER -> CLIENT: 220 2.0.0 Ready to start TLS
2023-05-28 09:44:15 1: CLIENT -> SERVER: EHLO localhost
2023-05-28 09:44:16 2: SERVER -> CLIENT: 250-smtp.gmail.com at your service, [211.105.107.96]
250-SIZE 35882577
250-8BITMIME
250-AUTH LOGIN PLAIN XOAUTH2 PLAIN-CLIENTTOKEN OAUTHBEARER XOAUTH
250-ENHANCEDSTATUSCODES
250-PIPELINING
250-CHUNKING
250 SMTPUTF8
2023-05-28 09:44:16 1: CLIENT -> SERVER: AUTH LOGIN
2023-05-28 09:44:16 2: SERVER -> CLIENT: 334 VXNlcm5hbWU6
2023-05-28 09:44:16 1: CLIENT -> SERVER: [credentials hidden]2023-05-28 09:44:16 2: SERVER -> CLIENT: 334 UGFzc3dvcmQ6
2023-05-28 09:44:16 1: CLIENT -> SERVER: [credentials hidden]2023-05-28 09:44:16 2: SERVER -> CLIENT: 535-5.7.8 Username and Password not accepted. Learn more at
535 5.7.8  https://support.google.com/mail/?p=BadCredentials nu3-20020a17090b1b0300b00250aa8ef89csm2139126pjb.18 - gsmtp
2023-05-28 09:44:16 1: SMTP ERROR: Password command failed: 535-5.7.8 Username and Password not accepted. Learn more at
535 5.7.8  https://support.google.com/mail/?p=BadCredentials nu3-20020a17090b1b0300b00250aa8ef89csm2139126pjb.18 - gsmtp
2023-05-28 09:44:16 2: SMTP Error: Could not authenticate.2023-05-28 09:44:16 1: CLIENT -> SERVER: QUIT
2023-05-28 09:44:17 2: SERVER -> CLIENT: 221 2.0.0 closing connection nu3-20020a17090b1b0300b00250aa8ef89csm2139126pjb.18 - gsmtp
2023-05-28 09:44:17 2: SMTP connect() failed. https://github.com/PHPMailer/PHPMailer/wiki/Troubleshooting2023-05-28 09:47:34 2: SERVER -> CLIENT: 220 smtp.gmail.com ESMTP mh7-20020a17090b4ac700b0024e05b7ba8bsm5275081pjb.25 - gsmtp
2023-05-28 09:47:34 1: CLIENT -> SERVER: EHLO localhost
2023-05-28 09:47:35 2: SERVER -> CLIENT: 250-smtp.gmail.com at your service, [211.105.107.96]
250-SIZE 35882577
250-8BITMIME
250-STARTTLS
250-ENHANCEDSTATUSCODES
250-PIPELINING
250-CHUNKING
250 SMTPUTF8
2023-05-28 09:47:35 1: CLIENT -> SERVER: STARTTLS
2023-05-28 09:47:35 2: SERVER -> CLIENT: 220 2.0.0 Ready to start TLS
2023-05-28 09:47:36 1: CLIENT -> SERVER: EHLO localhost
2023-05-28 09:47:37 2: SERVER -> CLIENT: 250-smtp.gmail.com at your service, [211.105.107.96]
250-SIZE 35882577
250-8BITMIME
250-AUTH LOGIN PLAIN XOAUTH2 PLAIN-CLIENTTOKEN OAUTHBEARER XOAUTH
250-ENHANCEDSTATUSCODES
250-PIPELINING
250-CHUNKING
250 SMTPUTF8
2023-05-28 09:47:37 1: CLIENT -> SERVER: AUTH LOGIN
2023-05-28 09:47:38 2: SERVER -> CLIENT: 334 VXNlcm5hbWU6
2023-05-28 09:47:38 1: CLIENT -> SERVER: [credentials hidden]2023-05-28 09:47:38 2: SERVER -> CLIENT: 334 UGFzc3dvcmQ6
2023-05-28 09:47:38 1: CLIENT -> SERVER: [credentials hidden]2023-05-28 09:47:39 2: SERVER -> CLIENT: 535-5.7.8 Username and Password not accepted. Learn more at
535 5.7.8  https://support.google.com/mail/?p=BadCredentials mh7-20020a17090b4ac700b0024e05b7ba8bsm5275081pjb.25 - gsmtp
2023-05-28 09:47:39 1: SMTP ERROR: Password command failed: 535-5.7.8 Username and Password not accepted. Learn more at
535 5.7.8  https://support.google.com/mail/?p=BadCredentials mh7-20020a17090b4ac700b0024e05b7ba8bsm5275081pjb.25 - gsmtp
2023-05-28 09:47:39 2: SMTP Error: Could not authenticate.2023-05-28 09:47:39 1: CLIENT -> SERVER: QUIT
2023-05-28 09:47:39 2: SERVER -> CLIENT: 221 2.0.0 closing connection mh7-20020a17090b4ac700b0024e05b7ba8bsm5275081pjb.25 - gsmtp
2023-05-28 09:47:39 2: SMTP connect() failed. https://github.com/PHPMailer/PHPMailer/wiki/Troubleshooting2023-05-28 09:51:46 2: SERVER -> CLIENT: 220 smtp.gmail.com ESMTP s25-20020aa78299000000b0063f0068cf6csm4984148pfm.198 - gsmtp
2023-05-28 09:51:46 1: CLIENT -> SERVER: EHLO localhost
2023-05-28 09:51:47 2: SERVER -> CLIENT: 250-smtp.gmail.com at your service, [211.105.107.96]
250-SIZE 35882577
250-8BITMIME
250-STARTTLS
250-ENHANCEDSTATUSCODES
250-PIPELINING
250-CHUNKING
250 SMTPUTF8
2023-05-28 09:51:47 1: CLIENT -> SERVER: STARTTLS
2023-05-28 09:51:47 2: SERVER -> CLIENT: 220 2.0.0 Ready to start TLS
2023-05-28 09:51:48 1: CLIENT -> SERVER: EHLO localhost
2023-05-28 09:51:48 2: SERVER -> CLIENT: 250-smtp.gmail.com at your service, [211.105.107.96]
250-SIZE 35882577
250-8BITMIME
250-AUTH LOGIN PLAIN XOAUTH2 PLAIN-CLIENTTOKEN OAUTHBEARER XOAUTH
250-ENHANCEDSTATUSCODES
250-PIPELINING
250-CHUNKING
250 SMTPUTF8
2023-05-28 09:51:48 1: CLIENT -> SERVER: AUTH LOGIN
2023-05-28 09:51:49 2: SERVER -> CLIENT: 334 VXNlcm5hbWU6
2023-05-28 09:51:49 1: CLIENT -> SERVER: [credentials hidden]2023-05-28 09:51:49 2: SERVER -> CLIENT: 334 UGFzc3dvcmQ6
2023-05-28 09:51:49 1: CLIENT -> SERVER: [credentials hidden]2023-05-28 09:51:50 2: SERVER -> CLIENT: 535-5.7.8 Username and Password not accepted. Learn more at
535 5.7.8  https://support.google.com/mail/?p=BadCredentials s25-20020aa78299000000b0063f0068cf6csm4984148pfm.198 - gsmtp
2023-05-28 09:51:50 1: SMTP ERROR: Password command failed: 535-5.7.8 Username and Password not accepted. Learn more at
535 5.7.8  https://support.google.com/mail/?p=BadCredentials s25-20020aa78299000000b0063f0068cf6csm4984148pfm.198 - gsmtp
2023-05-28 09:51:50 2: SMTP Error: Could not authenticate.2023-05-28 09:51:50 1: CLIENT -> SERVER: QUIT
2023-05-28 09:51:51 2: SERVER -> CLIENT: 221 2.0.0 closing connection s25-20020aa78299000000b0063f0068cf6csm4984148pfm.198 - gsmtp
2023-05-28 09:51:51 2: SMTP connect() failed. https://github.com/PHPMailer/PHPMailer/wiki/Troubleshooting2023-05-28 09:57:24 2: SERVER -> CLIENT: 220 smtp.gmail.com ESMTP 9-20020aa79249000000b0064aea45b040sm4954614pfp.168 - gsmtp
2023-05-28 09:57:24 1: CLIENT -> SERVER: EHLO localhost
2023-05-28 09:57:25 2: SERVER -> CLIENT: 250-smtp.gmail.com at your service, [211.105.107.96]
250-SIZE 35882577
250-8BITMIME
250-STARTTLS
250-ENHANCEDSTATUSCODES
250-PIPELINING
250-CHUNKING
250 SMTPUTF8
2023-05-28 09:57:25 1: CLIENT -> SERVER: STARTTLS
2023-05-28 09:57:25 2: SERVER -> CLIENT: 220 2.0.0 Ready to start TLS
2023-05-28 09:57:25 1: CLIENT -> SERVER: EHLO localhost
2023-05-28 09:57:25 2: SERVER -> CLIENT: 250-smtp.gmail.com at your service, [211.105.107.96]
250-SIZE 35882577
250-8BITMIME
250-AUTH LOGIN PLAIN XOAUTH2 PLAIN-CLIENTTOKEN OAUTHBEARER XOAUTH
250-ENHANCEDSTATUSCODES
250-PIPELINING
250-CHUNKING
250 SMTPUTF8
2023-05-28 09:57:25 1: CLIENT -> SERVER: AUTH LOGIN
2023-05-28 09:57:25 2: SERVER -> CLIENT: 334 VXNlcm5hbWU6
2023-05-28 09:57:25 1: CLIENT -> SERVER: [credentials hidden]2023-05-28 09:57:25 2: SERVER -> CLIENT: 334 UGFzc3dvcmQ6
2023-05-28 09:57:25 1: CLIENT -> SERVER: [credentials hidden]2023-05-28 09:57:26 2: SERVER -> CLIENT: 535-5.7.8 Username and Password not accepted. Learn more at
535 5.7.8  https://support.google.com/mail/?p=BadCredentials 9-20020aa79249000000b0064aea45b040sm4954614pfp.168 - gsmtp
2023-05-28 09:57:26 1: SMTP ERROR: Password command failed: 535-5.7.8 Username and Password not accepted. Learn more at
535 5.7.8  https://support.google.com/mail/?p=BadCredentials 9-20020aa79249000000b0064aea45b040sm4954614pfp.168 - gsmtp
2023-05-28 09:57:26 2: SMTP Error: Could not authenticate.2023-05-28 09:57:26 1: CLIENT -> SERVER: QUIT
2023-05-28 09:57:26 2: SERVER -> CLIENT: 221 2.0.0 closing connection 9-20020aa79249000000b0064aea45b040sm4954614pfp.168 - gsmtp
2023-05-28 09:57:26 2: SMTP connect() failed. https://github.com/PHPMailer/PHPMailer/wiki/Troubleshooting2023-05-28 10:57:40 2: SERVER -> CLIENT: 220 smtp.gmail.com ESMTP b4-20020a170902bd4400b001ab0669d84csm6114899plx.26 - gsmtp
2023-05-28 10:57:40 1: CLIENT -> SERVER: EHLO localhost
2023-05-28 10:57:41 2: SERVER -> CLIENT: 250-smtp.gmail.com at your service, [211.105.107.96]
250-SIZE 35882577
250-8BITMIME
250-STARTTLS
250-ENHANCEDSTATUSCODES
250-PIPELINING
250-CHUNKING
250 SMTPUTF8
2023-05-28 10:57:41 1: CLIENT -> SERVER: STARTTLS
2023-05-28 10:57:41 2: SERVER -> CLIENT: 220 2.0.0 Ready to start TLS
2023-05-28 10:57:41 1: CLIENT -> SERVER: EHLO localhost
2023-05-28 10:57:41 2: SERVER -> CLIENT: 250-smtp.gmail.com at your service, [211.105.107.96]
250-SIZE 35882577
250-8BITMIME
250-AUTH LOGIN PLAIN XOAUTH2 PLAIN-CLIENTTOKEN OAUTHBEARER XOAUTH
250-ENHANCEDSTATUSCODES
250-PIPELINING
250-CHUNKING
250 SMTPUTF8
2023-05-28 10:57:41 1: CLIENT -> SERVER: AUTH LOGIN
2023-05-28 10:57:41 2: SERVER -> CLIENT: 334 VXNlcm5hbWU6
2023-05-28 10:57:41 1: CLIENT -> SERVER: [credentials hidden]2023-05-28 10:57:41 2: SERVER -> CLIENT: 334 UGFzc3dvcmQ6
2023-05-28 10:57:41 1: CLIENT -> SERVER: [credentials hidden]2023-05-28 10:57:42 2: SERVER -> CLIENT: 535-5.7.8 Username and Password not accepted. Learn more at
535 5.7.8  https://support.google.com/mail/?p=BadCredentials b4-20020a170902bd4400b001ab0669d84csm6114899plx.26 - gsmtp
2023-05-28 10:57:42 1: SMTP ERROR: Password command failed: 535-5.7.8 Username and Password not accepted. Learn more at
535 5.7.8  https://support.google.com/mail/?p=BadCredentials b4-20020a170902bd4400b001ab0669d84csm6114899plx.26 - gsmtp
2023-05-28 10:57:42 2: SMTP Error: Could not authenticate.2023-05-28 10:57:42 1: CLIENT -> SERVER: QUIT
2023-05-28 10:57:42 2: SERVER -> CLIENT: 221 2.0.0 closing connection b4-20020a170902bd4400b001ab0669d84csm6114899plx.26 - gsmtp
2023-05-28 10:57:42 2: SMTP connect() failed. https://github.com/PHPMailer/PHPMailer/wiki/Troubleshooting2023-05-28 11:11:41 2: SERVER -> CLIENT: 220 smtp.gmail.com ESMTP n8-20020a170902e54800b001ab09f5ca61sm6155396plf.55 - gsmtp
2023-05-28 11:11:41 1: CLIENT -> SERVER: EHLO localhost
2023-05-28 11:11:41 2: SERVER -> CLIENT: 250-smtp.gmail.com at your service, [211.105.107.96]
250-SIZE 35882577
250-8BITMIME
250-STARTTLS
250-ENHANCEDSTATUSCODES
250-PIPELINING
250-CHUNKING
250 SMTPUTF8
2023-05-28 11:11:41 1: CLIENT -> SERVER: STARTTLS
2023-05-28 11:11:41 2: SERVER -> CLIENT: 220 2.0.0 Ready to start TLS
2023-05-28 11:11:41 1: CLIENT -> SERVER: EHLO localhost
2023-05-28 11:11:41 2: SERVER -> CLIENT: 250-smtp.gmail.com at your service, [211.105.107.96]
250-SIZE 35882577
250-8BITMIME
250-AUTH LOGIN PLAIN XOAUTH2 PLAIN-CLIENTTOKEN OAUTHBEARER XOAUTH
250-ENHANCEDSTATUSCODES
250-PIPELINING
250-CHUNKING
250 SMTPUTF8
2023-05-28 11:11:41 1: CLIENT -> SERVER: AUTH LOGIN
2023-05-28 11:11:42 2: SERVER -> CLIENT: 334 VXNlcm5hbWU6
2023-05-28 11:11:42 1: CLIENT -> SERVER: [credentials hidden]2023-05-28 11:11:42 2: SERVER -> CLIENT: 334 UGFzc3dvcmQ6
2023-05-28 11:11:42 1: CLIENT -> SERVER: [credentials hidden]2023-05-28 11:11:42 2: SERVER -> CLIENT: 535-5.7.8 Username and Password not accepted. Learn more at
535 5.7.8  https://support.google.com/mail/?p=BadCredentials n8-20020a170902e54800b001ab09f5ca61sm6155396plf.55 - gsmtp
2023-05-28 11:11:42 1: SMTP ERROR: Password command failed: 535-5.7.8 Username and Password not accepted. Learn more at
535 5.7.8  https://support.google.com/mail/?p=BadCredentials n8-20020a170902e54800b001ab09f5ca61sm6155396plf.55 - gsmtp
2023-05-28 11:11:42 2: SMTP Error: Could not authenticate.2023-05-28 11:11:42 1: CLIENT -> SERVER: QUIT
2023-05-28 11:11:42 2: SERVER -> CLIENT: 221 2.0.0 closing connection n8-20020a170902e54800b001ab09f5ca61sm6155396plf.55 - gsmtp
2023-05-28 11:11:42 2: SMTP connect() failed. https://github.com/PHPMailer/PHPMailer/wiki/Troubleshooting2023-05-28 11:14:30 2: SERVER -> CLIENT: 220 smtp.gmail.com ESMTP f21-20020a170902ab9500b001b00f9c4578sm4298013plr.138 - gsmtp
2023-05-28 11:14:30 1: CLIENT -> SERVER: EHLO localhost
2023-05-28 11:14:30 2: SERVER -> CLIENT: 250-smtp.gmail.com at your service, [211.105.107.96]
250-SIZE 35882577
250-8BITMIME
250-STARTTLS
250-ENHANCEDSTATUSCODES
250-PIPELINING
250-CHUNKING
250 SMTPUTF8
2023-05-28 11:14:30 1: CLIENT -> SERVER: STARTTLS
2023-05-28 11:14:31 2: SERVER -> CLIENT: 220 2.0.0 Ready to start TLS
2023-05-28 11:14:31 1: CLIENT -> SERVER: EHLO localhost
2023-05-28 11:14:31 2: SERVER -> CLIENT: 250-smtp.gmail.com at your service, [211.105.107.96]
250-SIZE 35882577
250-8BITMIME
250-AUTH LOGIN PLAIN XOAUTH2 PLAIN-CLIENTTOKEN OAUTHBEARER XOAUTH
250-ENHANCEDSTATUSCODES
250-PIPELINING
250-CHUNKING
250 SMTPUTF8
2023-05-28 11:14:31 1: CLIENT -> SERVER: AUTH LOGIN
2023-05-28 11:14:31 2: SERVER -> CLIENT: 334 VXNlcm5hbWU6
2023-05-28 11:14:31 1: CLIENT -> SERVER: [credentials hidden]2023-05-28 11:14:31 2: SERVER -> CLIENT: 334 UGFzc3dvcmQ6
2023-05-28 11:14:31 1: CLIENT -> SERVER: [credentials hidden]2023-05-28 11:14:32 2: SERVER -> CLIENT: 535-5.7.8 Username and Password not accepted. Learn more at
535 5.7.8  https://support.google.com/mail/?p=BadCredentials f21-20020a170902ab9500b001b00f9c4578sm4298013plr.138 - gsmtp
2023-05-28 11:14:32 1: SMTP ERROR: Password command failed: 535-5.7.8 Username and Password not accepted. Learn more at
535 5.7.8  https://support.google.com/mail/?p=BadCredentials f21-20020a170902ab9500b001b00f9c4578sm4298013plr.138 - gsmtp
2023-05-28 11:14:32 2: SMTP Error: Could not authenticate.2023-05-28 11:14:32 1: CLIENT -> SERVER: QUIT
2023-05-28 11:14:32 2: SERVER -> CLIENT: 221 2.0.0 closing connection f21-20020a170902ab9500b001b00f9c4578sm4298013plr.138 - gsmtp
2023-05-28 11:14:32 2: SMTP connect() failed. https://github.com/PHPMailer/PHPMailer/wiki/Troubleshooting2023-05-29 12:52:07 2: SERVER -> CLIENT: 220 smtp.gmail.com ESMTP i2-20020aa787c2000000b0062d859a33d1sm6709320pfo.84 - gsmtp
2023-05-29 12:52:07 1: CLIENT -> SERVER: EHLO localhost
2023-05-29 12:52:08 2: SERVER -> CLIENT: 250-smtp.gmail.com at your service, [211.229.11.79]
250-SIZE 35882577
250-8BITMIME
250-STARTTLS
250-ENHANCEDSTATUSCODES
250-PIPELINING
250-CHUNKING
250 SMTPUTF8
2023-05-29 12:52:08 1: CLIENT -> SERVER: STARTTLS
2023-05-29 12:52:08 2: SERVER -> CLIENT: 220 2.0.0 Ready to start TLS
2023-05-29 12:52:08 1: CLIENT -> SERVER: EHLO localhost
2023-05-29 12:52:09 2: SERVER -> CLIENT: 250-smtp.gmail.com at your service, [211.229.11.79]
250-SIZE 35882577
250-8BITMIME
250-AUTH LOGIN PLAIN XOAUTH2 PLAIN-CLIENTTOKEN OAUTHBEARER XOAUTH
250-ENHANCEDSTATUSCODES
250-PIPELINING
250-CHUNKING
250 SMTPUTF8
2023-05-29 12:52:09 1: CLIENT -> SERVER: AUTH LOGIN
2023-05-29 12:52:09 2: SERVER -> CLIENT: 334 VXNlcm5hbWU6
2023-05-29 12:52:09 1: CLIENT -> SERVER: [credentials hidden]2023-05-29 12:52:09 2: SERVER -> CLIENT: 334 UGFzc3dvcmQ6
2023-05-29 12:52:09 1: CLIENT -> SERVER: [credentials hidden]2023-05-29 12:52:09 2: SERVER -> CLIENT: 535-5.7.8 Username and Password not accepted. Learn more at
535 5.7.8  https://support.google.com/mail/?p=BadCredentials i2-20020aa787c2000000b0062d859a33d1sm6709320pfo.84 - gsmtp
2023-05-29 12:52:09 1: SMTP ERROR: Password command failed: 535-5.7.8 Username and Password not accepted. Learn more at
535 5.7.8  https://support.google.com/mail/?p=BadCredentials i2-20020aa787c2000000b0062d859a33d1sm6709320pfo.84 - gsmtp
2023-05-29 12:52:09 2: SMTP Error: Could not authenticate.2023-05-29 12:52:09 1: CLIENT -> SERVER: QUIT
2023-05-29 12:52:10 2: SERVER -> CLIENT: 221 2.0.0 closing connection i2-20020aa787c2000000b0062d859a33d1sm6709320pfo.84 - gsmtp
2023-05-29 12:52:10 2: SMTP connect() failed. https://github.com/PHPMailer/PHPMailer/wiki/Troubleshooting2023-06-01 12:23:10 2: SERVER -> CLIENT: 220 smtp.gmail.com ESMTP a9-20020a63e409000000b0052863112065sm3054199pgi.35 - gsmtp
2023-06-01 12:23:10 1: CLIENT -> SERVER: EHLO localhost
2023-06-01 12:23:11 2: SERVER -> CLIENT: 250-smtp.gmail.com at your service, [211.105.107.96]
250-SIZE 35882577
250-8BITMIME
250-STARTTLS
250-ENHANCEDSTATUSCODES
250-PIPELINING
250-CHUNKING
250 SMTPUTF8
2023-06-01 12:23:11 1: CLIENT -> SERVER: STARTTLS
2023-06-01 12:23:11 2: SERVER -> CLIENT: 220 2.0.0 Ready to start TLS
2023-06-01 12:23:11 1: CLIENT -> SERVER: EHLO localhost
2023-06-01 12:23:12 2: SERVER -> CLIENT: 250-smtp.gmail.com at your service, [211.105.107.96]
250-SIZE 35882577
250-8BITMIME
250-AUTH LOGIN PLAIN XOAUTH2 PLAIN-CLIENTTOKEN OAUTHBEARER XOAUTH
250-ENHANCEDSTATUSCODES
250-PIPELINING
250-CHUNKING
250 SMTPUTF8
2023-06-01 12:23:12 1: CLIENT -> SERVER: AUTH LOGIN
2023-06-01 12:23:12 2: SERVER -> CLIENT: 334 VXNlcm5hbWU6
2023-06-01 12:23:12 1: CLIENT -> SERVER: [credentials hidden]2023-06-01 12:23:12 2: SERVER -> CLIENT: 334 UGFzc3dvcmQ6
2023-06-01 12:23:12 1: CLIENT -> SERVER: [credentials hidden]2023-06-01 12:23:13 2: SERVER -> CLIENT: 535-5.7.8 Username and Password not accepted. Learn more at
535 5.7.8  https://support.google.com/mail/?p=BadCredentials a9-20020a63e409000000b0052863112065sm3054199pgi.35 - gsmtp
2023-06-01 12:23:13 1: SMTP ERROR: Password command failed: 535-5.7.8 Username and Password not accepted. Learn more at
535 5.7.8  https://support.google.com/mail/?p=BadCredentials a9-20020a63e409000000b0052863112065sm3054199pgi.35 - gsmtp
2023-06-01 12:23:13 2: SMTP Error: Could not authenticate.2023-06-01 12:23:13 1: CLIENT -> SERVER: QUIT
2023-06-01 12:23:13 2: SERVER -> CLIENT: 221 2.0.0 closing connection a9-20020a63e409000000b0052863112065sm3054199pgi.35 - gsmtp
2023-06-01 12:23:13 2: SMTP connect() failed. https://github.com/PHPMailer/PHPMailer/wiki/Troubleshooting2023-06-01 12:28:49 2: SERVER -> CLIENT: 220 smtp.gmail.com ESMTP t4-20020a62ea04000000b0065016fffc81sm2209174pfh.216 - gsmtp
2023-06-01 12:28:49 1: CLIENT -> SERVER: EHLO localhost
2023-06-01 12:28:49 2: SERVER -> CLIENT: 250-smtp.gmail.com at your service, [211.105.107.96]
250-SIZE 35882577
250-8BITMIME
250-STARTTLS
250-ENHANCEDSTATUSCODES
250-PIPELINING
250-CHUNKING
250 SMTPUTF8
2023-06-01 12:28:49 1: CLIENT -> SERVER: STARTTLS
2023-06-01 12:28:49 2: SERVER -> CLIENT: 220 2.0.0 Ready to start TLS
2023-06-01 12:28:49 1: CLIENT -> SERVER: EHLO localhost
2023-06-01 12:28:50 2: SERVER -> CLIENT: 250-smtp.gmail.com at your service, [211.105.107.96]
250-SIZE 35882577
250-8BITMIME
250-AUTH LOGIN PLAIN XOAUTH2 PLAIN-CLIENTTOKEN OAUTHBEARER XOAUTH
250-ENHANCEDSTATUSCODES
250-PIPELINING
250-CHUNKING
250 SMTPUTF8
2023-06-01 12:28:50 1: CLIENT -> SERVER: AUTH LOGIN
2023-06-01 12:28:50 2: SERVER -> CLIENT: 334 VXNlcm5hbWU6
2023-06-01 12:28:50 1: CLIENT -> SERVER: [credentials hidden]2023-06-01 12:28:50 2: SERVER -> CLIENT: 334 UGFzc3dvcmQ6
2023-06-01 12:28:50 1: CLIENT -> SERVER: [credentials hidden]2023-06-01 12:28:51 2: SERVER -> CLIENT: 535-5.7.8 Username and Password not accepted. Learn more at
535 5.7.8  https://support.google.com/mail/?p=BadCredentials t4-20020a62ea04000000b0065016fffc81sm2209174pfh.216 - gsmtp
2023-06-01 12:28:51 1: SMTP ERROR: Password command failed: 535-5.7.8 Username and Password not accepted. Learn more at
535 5.7.8  https://support.google.com/mail/?p=BadCredentials t4-20020a62ea04000000b0065016fffc81sm2209174pfh.216 - gsmtp
2023-06-01 12:28:51 2: SMTP Error: Could not authenticate.2023-06-01 12:28:51 1: CLIENT -> SERVER: QUIT
2023-06-01 12:28:51 2: SERVER -> CLIENT: 221 2.0.0 closing connection t4-20020a62ea04000000b0065016fffc81sm2209174pfh.216 - gsmtp
2023-06-01 12:28:51 2: SMTP connect() failed. https://github.com/PHPMailer/PHPMailer/wiki/Troubleshooting2023-06-01 12:29:05 2: SERVER -> CLIENT: 220 smtp.gmail.com ESMTP 8-20020a17090a01c800b00252d960a8dfsm1372366pjd.16 - gsmtp
2023-06-01 12:29:05 1: CLIENT -> SERVER: EHLO localhost
2023-06-01 12:29:05 2: SERVER -> CLIENT: 250-smtp.gmail.com at your service, [211.105.107.96]
250-SIZE 35882577
250-8BITMIME
250-STARTTLS
250-ENHANCEDSTATUSCODES
250-PIPELINING
250-CHUNKING
250 SMTPUTF8
2023-06-01 12:29:05 1: CLIENT -> SERVER: STARTTLS
2023-06-01 12:29:06 2: SERVER -> CLIENT: 220 2.0.0 Ready to start TLS
2023-06-01 12:29:06 1: CLIENT -> SERVER: EHLO localhost
2023-06-01 12:29:07 2: SERVER -> CLIENT: 250-smtp.gmail.com at your service, [211.105.107.96]
250-SIZE 35882577
250-8BITMIME
250-AUTH LOGIN PLAIN XOAUTH2 PLAIN-CLIENTTOKEN OAUTHBEARER XOAUTH
250-ENHANCEDSTATUSCODES
250-PIPELINING
250-CHUNKING
250 SMTPUTF8
2023-06-01 12:29:07 1: CLIENT -> SERVER: AUTH LOGIN
2023-06-01 12:29:07 2: SERVER -> CLIENT: 334 VXNlcm5hbWU6
2023-06-01 12:29:07 1: CLIENT -> SERVER: [credentials hidden]2023-06-01 12:29:08 2: SERVER -> CLIENT: 334 UGFzc3dvcmQ6
2023-06-01 12:29:08 1: CLIENT -> SERVER: [credentials hidden]2023-06-01 12:29:08 2: SERVER -> CLIENT: 535-5.7.8 Username and Password not accepted. Learn more at
535 5.7.8  https://support.google.com/mail/?p=BadCredentials 8-20020a17090a01c800b00252d960a8dfsm1372366pjd.16 - gsmtp
2023-06-01 12:29:08 1: SMTP ERROR: Password command failed: 535-5.7.8 Username and Password not accepted. Learn more at
535 5.7.8  https://support.google.com/mail/?p=BadCredentials 8-20020a17090a01c800b00252d960a8dfsm1372366pjd.16 - gsmtp
2023-06-01 12:29:08 2: SMTP Error: Could not authenticate.2023-06-01 12:29:08 1: CLIENT -> SERVER: QUIT
2023-06-01 12:29:09 2: SERVER -> CLIENT: 221 2.0.0 closing connection 8-20020a17090a01c800b00252d960a8dfsm1372366pjd.16 - gsmtp
2023-06-01 12:29:09 2: SMTP connect() failed. https://github.com/PHPMailer/PHPMailer/wiki/Troubleshooting2023-06-01 12:36:37 2: SERVER -> CLIENT: 220 smtp.gmail.com ESMTP f3-20020a635543000000b0051b460fd90fsm3051197pgm.8 - gsmtp
2023-06-01 12:36:37 1: CLIENT -> SERVER: EHLO localhost
2023-06-01 12:36:37 2: SERVER -> CLIENT: 250-smtp.gmail.com at your service, [211.105.107.96]
250-SIZE 35882577
250-8BITMIME
250-STARTTLS
250-ENHANCEDSTATUSCODES
250-PIPELINING
250-CHUNKING
250 SMTPUTF8
2023-06-01 12:36:37 1: CLIENT -> SERVER: STARTTLS
2023-06-01 12:36:38 2: SERVER -> CLIENT: 220 2.0.0 Ready to start TLS
2023-06-01 12:36:39 1: CLIENT -> SERVER: EHLO localhost
2023-06-01 12:36:40 2: SERVER -> CLIENT: 250-smtp.gmail.com at your service, [211.105.107.96]
250-SIZE 35882577
250-8BITMIME
250-AUTH LOGIN PLAIN XOAUTH2 PLAIN-CLIENTTOKEN OAUTHBEARER XOAUTH
250-ENHANCEDSTATUSCODES
250-PIPELINING
250-CHUNKING
250 SMTPUTF8
2023-06-01 12:36:40 1: CLIENT -> SERVER: AUTH LOGIN
2023-06-01 12:36:40 2: SERVER -> CLIENT: 334 VXNlcm5hbWU6
2023-06-01 12:36:40 1: CLIENT -> SERVER: [credentials hidden]2023-06-01 12:36:40 2: SERVER -> CLIENT: 334 UGFzc3dvcmQ6
2023-06-01 12:36:40 1: CLIENT -> SERVER: [credentials hidden]2023-06-01 12:36:41 2: SERVER -> CLIENT: 535-5.7.8 Username and Password not accepted. Learn more at
535 5.7.8  https://support.google.com/mail/?p=BadCredentials f3-20020a635543000000b0051b460fd90fsm3051197pgm.8 - gsmtp
2023-06-01 12:36:41 1: SMTP ERROR: Password command failed: 535-5.7.8 Username and Password not accepted. Learn more at
535 5.7.8  https://support.google.com/mail/?p=BadCredentials f3-20020a635543000000b0051b460fd90fsm3051197pgm.8 - gsmtp
2023-06-01 12:36:41 2: SMTP Error: Could not authenticate.2023-06-01 12:36:41 1: CLIENT -> SERVER: QUIT
2023-06-01 12:36:41 2: SERVER -> CLIENT: 221 2.0.0 closing connection f3-20020a635543000000b0051b460fd90fsm3051197pgm.8 - gsmtp
2023-06-01 12:36:41 2: SMTP connect() failed. https://github.com/PHPMailer/PHPMailer/wiki/Troubleshooting2023-06-01 12:40:13 2: SERVER -> CLIENT: 220 smtp.gmail.com ESMTP x25-20020a62fb19000000b0062e0c39977csm4952999pfm.139 - gsmtp
2023-06-01 12:40:13 1: CLIENT -> SERVER: EHLO localhost
2023-06-01 12:40:14 2: SERVER -> CLIENT: 250-smtp.gmail.com at your service, [211.105.107.96]
250-SIZE 35882577
250-8BITMIME
250-STARTTLS
250-ENHANCEDSTATUSCODES
250-PIPELINING
250-CHUNKING
250 SMTPUTF8
2023-06-01 12:40:14 1: CLIENT -> SERVER: STARTTLS
2023-06-01 12:40:14 2: SERVER -> CLIENT: 220 2.0.0 Ready to start TLS
2023-06-01 12:40:14 1: CLIENT -> SERVER: EHLO localhost
2023-06-01 12:40:15 2: SERVER -> CLIENT: 250-smtp.gmail.com at your service, [211.105.107.96]
250-SIZE 35882577
250-8BITMIME
250-AUTH LOGIN PLAIN XOAUTH2 PLAIN-CLIENTTOKEN OAUTHBEARER XOAUTH
250-ENHANCEDSTATUSCODES
250-PIPELINING
250-CHUNKING
250 SMTPUTF8
2023-06-01 12:40:15 1: CLIENT -> SERVER: AUTH LOGIN
2023-06-01 12:40:16 2: SERVER -> CLIENT: 334 VXNlcm5hbWU6
2023-06-01 12:40:16 1: CLIENT -> SERVER: [credentials hidden]2023-06-01 12:40:16 2: SERVER -> CLIENT: 334 UGFzc3dvcmQ6
2023-06-01 12:40:16 1: CLIENT -> SERVER: [credentials hidden]2023-06-01 12:40:16 2: SERVER -> CLIENT: 535-5.7.8 Username and Password not accepted. Learn more at
535 5.7.8  https://support.google.com/mail/?p=BadCredentials x25-20020a62fb19000000b0062e0c39977csm4952999pfm.139 - gsmtp
2023-06-01 12:40:16 1: SMTP ERROR: Password command failed: 535-5.7.8 Username and Password not accepted. Learn more at
535 5.7.8  https://support.google.com/mail/?p=BadCredentials x25-20020a62fb19000000b0062e0c39977csm4952999pfm.139 - gsmtp
2023-06-01 12:40:16 2: SMTP Error: Could not authenticate.2023-06-01 12:40:16 1: CLIENT -> SERVER: QUIT
2023-06-01 12:40:17 2: SERVER -> CLIENT: 221 2.0.0 closing connection x25-20020a62fb19000000b0062e0c39977csm4952999pfm.139 - gsmtp
2023-06-01 12:40:17 2: SMTP connect() failed. https://github.com/PHPMailer/PHPMailer/wiki/Troubleshooting2023-06-01 12:49:41 2: SERVER -> CLIENT: 220 smtp.gmail.com ESMTP h17-20020a63e151000000b0051ba9d772f9sm3092240pgk.59 - gsmtp
2023-06-01 12:49:41 1: CLIENT -> SERVER: EHLO localhost
2023-06-01 12:49:41 2: SERVER -> CLIENT: 250-smtp.gmail.com at your service, [211.105.107.96]
250-SIZE 35882577
250-8BITMIME
250-STARTTLS
250-ENHANCEDSTATUSCODES
250-PIPELINING
250-CHUNKING
250 SMTPUTF8
2023-06-01 12:49:41 1: CLIENT -> SERVER: STARTTLS
2023-06-01 12:49:41 2: SERVER -> CLIENT: 220 2.0.0 Ready to start TLS
2023-06-01 12:49:41 1: CLIENT -> SERVER: EHLO localhost
2023-06-01 12:49:41 2: SERVER -> CLIENT: 250-smtp.gmail.com at your service, [211.105.107.96]
250-SIZE 35882577
250-8BITMIME
250-AUTH LOGIN PLAIN XOAUTH2 PLAIN-CLIENTTOKEN OAUTHBEARER XOAUTH
250-ENHANCEDSTATUSCODES
250-PIPELINING
250-CHUNKING
250 SMTPUTF8
2023-06-01 12:49:41 1: CLIENT -> SERVER: AUTH LOGIN
2023-06-01 12:49:42 2: SERVER -> CLIENT: 334 VXNlcm5hbWU6
2023-06-01 12:49:42 1: CLIENT -> SERVER: [credentials hidden]2023-06-01 12:49:42 2: SERVER -> CLIENT: 334 UGFzc3dvcmQ6
2023-06-01 12:49:42 1: CLIENT -> SERVER: [credentials hidden]2023-06-01 12:49:42 2: SERVER -> CLIENT: 535-5.7.8 Username and Password not accepted. Learn more at
535 5.7.8  https://support.google.com/mail/?p=BadCredentials h17-20020a63e151000000b0051ba9d772f9sm3092240pgk.59 - gsmtp
2023-06-01 12:49:42 1: SMTP ERROR: Password command failed: 535-5.7.8 Username and Password not accepted. Learn more at
535 5.7.8  https://support.google.com/mail/?p=BadCredentials h17-20020a63e151000000b0051ba9d772f9sm3092240pgk.59 - gsmtp
2023-06-01 12:49:42 2: SMTP Error: Could not authenticate.2023-06-01 12:49:42 1: CLIENT -> SERVER: QUIT
2023-06-01 12:49:42 2: SERVER -> CLIENT: 221 2.0.0 closing connection h17-20020a63e151000000b0051ba9d772f9sm3092240pgk.59 - gsmtp
2023-06-01 12:49:42 2: SMTP connect() failed. https://github.com/PHPMailer/PHPMailer/wiki/Troubleshooting2023-06-01 12:52:29 2: SERVER -> CLIENT: 220 smtp.gmail.com ESMTP 138-20020a630190000000b0053fb4d63051sm3092206pgb.54 - gsmtp
2023-06-01 12:52:29 1: CLIENT -> SERVER: EHLO localhost
2023-06-01 12:52:29 2: SERVER -> CLIENT: 250-smtp.gmail.com at your service, [211.105.107.96]
250-SIZE 35882577
250-8BITMIME
250-STARTTLS
250-ENHANCEDSTATUSCODES
250-PIPELINING
250-CHUNKING
250 SMTPUTF8
2023-06-01 12:52:29 1: CLIENT -> SERVER: STARTTLS
2023-06-01 12:52:30 2: SERVER -> CLIENT: 220 2.0.0 Ready to start TLS
2023-06-01 12:52:30 1: CLIENT -> SERVER: EHLO localhost
2023-06-01 12:52:30 2: SERVER -> CLIENT: 250-smtp.gmail.com at your service, [211.105.107.96]
250-SIZE 35882577
250-8BITMIME
250-AUTH LOGIN PLAIN XOAUTH2 PLAIN-CLIENTTOKEN OAUTHBEARER XOAUTH
250-ENHANCEDSTATUSCODES
250-PIPELINING
250-CHUNKING
250 SMTPUTF8
2023-06-01 12:52:30 1: CLIENT -> SERVER: AUTH LOGIN
2023-06-01 12:52:30 2: SERVER -> CLIENT: 334 VXNlcm5hbWU6
2023-06-01 12:52:30 1: CLIENT -> SERVER: [credentials hidden]2023-06-01 12:52:30 2: SERVER -> CLIENT: 334 UGFzc3dvcmQ6
2023-06-01 12:52:30 1: CLIENT -> SERVER: [credentials hidden]2023-06-01 12:52:31 2: SERVER -> CLIENT: 535-5.7.8 Username and Password not accepted. Learn more at
535 5.7.8  https://support.google.com/mail/?p=BadCredentials 138-20020a630190000000b0053fb4d63051sm3092206pgb.54 - gsmtp
2023-06-01 12:52:31 1: SMTP ERROR: Password command failed: 535-5.7.8 Username and Password not accepted. Learn more at
535 5.7.8  https://support.google.com/mail/?p=BadCredentials 138-20020a630190000000b0053fb4d63051sm3092206pgb.54 - gsmtp
2023-06-01 12:52:31 2: SMTP Error: Could not authenticate.2023-06-01 12:52:31 1: CLIENT -> SERVER: QUIT
2023-06-01 12:52:31 2: SERVER -> CLIENT: 221 2.0.0 closing connection 138-20020a630190000000b0053fb4d63051sm3092206pgb.54 - gsmtp
2023-06-01 12:52:31 2: SMTP connect() failed. https://github.com/PHPMailer/PHPMailer/wiki/Troubleshooting2023-06-01 12:56:22 2: SERVER -> CLIENT: 220 smtp.gmail.com ESMTP u21-20020a170902a61500b001b1866f7b5csm3020640plq.138 - gsmtp
2023-06-01 12:56:22 1: CLIENT -> SERVER: EHLO localhost
2023-06-01 12:56:23 2: SERVER -> CLIENT: 250-smtp.gmail.com at your service, [211.105.107.96]
250-SIZE 35882577
250-8BITMIME
250-STARTTLS
250-ENHANCEDSTATUSCODES
250-PIPELINING
250-CHUNKING
250 SMTPUTF8
2023-06-01 12:56:23 1: CLIENT -> SERVER: STARTTLS
2023-06-01 12:56:23 2: SERVER -> CLIENT: 220 2.0.0 Ready to start TLS
2023-06-01 12:56:23 1: CLIENT -> SERVER: EHLO localhost
2023-06-01 12:56:24 2: SERVER -> CLIENT: 250-smtp.gmail.com at your service, [211.105.107.96]
250-SIZE 35882577
250-8BITMIME
250-AUTH LOGIN PLAIN XOAUTH2 PLAIN-CLIENTTOKEN OAUTHBEARER XOAUTH
250-ENHANCEDSTATUSCODES
250-PIPELINING
250-CHUNKING
250 SMTPUTF8
2023-06-01 12:56:24 1: CLIENT -> SERVER: AUTH LOGIN
2023-06-01 12:56:24 2: SERVER -> CLIENT: 334 VXNlcm5hbWU6
2023-06-01 12:56:24 1: CLIENT -> SERVER: [credentials hidden]2023-06-01 12:56:24 2: SERVER -> CLIENT: 334 UGFzc3dvcmQ6
2023-06-01 12:56:24 1: CLIENT -> SERVER: [credentials hidden]2023-06-01 12:56:25 2: SERVER -> CLIENT: 535-5.7.8 Username and Password not accepted. Learn more at
535 5.7.8  https://support.google.com/mail/?p=BadCredentials u21-20020a170902a61500b001b1866f7b5csm3020640plq.138 - gsmtp
2023-06-01 12:56:25 1: SMTP ERROR: Password command failed: 535-5.7.8 Username and Password not accepted. Learn more at
535 5.7.8  https://support.google.com/mail/?p=BadCredentials u21-20020a170902a61500b001b1866f7b5csm3020640plq.138 - gsmtp
2023-06-01 12:56:25 2: SMTP Error: Could not authenticate.2023-06-01 12:56:25 1: CLIENT -> SERVER: QUIT
2023-06-01 12:56:25 2: SERVER -> CLIENT: 221 2.0.0 closing connection u21-20020a170902a61500b001b1866f7b5csm3020640plq.138 - gsmtp
2023-06-01 12:56:25 2: SMTP connect() failed. https://github.com/PHPMailer/PHPMailer/wiki/Troubleshooting2023-06-01 12:59:47 2: SERVER -> CLIENT: 220 smtp.gmail.com ESMTP s7-20020a170902a50700b001ab0b2dad2fsm3405264plq.211 - gsmtp
2023-06-01 12:59:47 1: CLIENT -> SERVER: EHLO localhost
2023-06-01 12:59:47 2: SERVER -> CLIENT: 250-smtp.gmail.com at your service, [211.105.107.96]
250-SIZE 35882577
250-8BITMIME
250-STARTTLS
250-ENHANCEDSTATUSCODES
250-PIPELINING
250-CHUNKING
250 SMTPUTF8
2023-06-01 12:59:47 1: CLIENT -> SERVER: STARTTLS
2023-06-01 12:59:47 2: SERVER -> CLIENT: 220 2.0.0 Ready to start TLS
2023-06-01 12:59:47 1: CLIENT -> SERVER: EHLO localhost
2023-06-01 12:59:48 2: SERVER -> CLIENT: 250-smtp.gmail.com at your service, [211.105.107.96]
250-SIZE 35882577
250-8BITMIME
250-AUTH LOGIN PLAIN XOAUTH2 PLAIN-CLIENTTOKEN OAUTHBEARER XOAUTH
250-ENHANCEDSTATUSCODES
250-PIPELINING
250-CHUNKING
250 SMTPUTF8
2023-06-01 12:59:48 1: CLIENT -> SERVER: AUTH LOGIN
2023-06-01 12:59:48 2: SERVER -> CLIENT: 334 VXNlcm5hbWU6
2023-06-01 12:59:48 1: CLIENT -> SERVER: [credentials hidden]2023-06-01 12:59:48 2: SERVER -> CLIENT: 334 UGFzc3dvcmQ6
2023-06-01 12:59:48 1: CLIENT -> SERVER: [credentials hidden]2023-06-01 12:59:49 2: SERVER -> CLIENT: 535-5.7.8 Username and Password not accepted. Learn more at
535 5.7.8  https://support.google.com/mail/?p=BadCredentials s7-20020a170902a50700b001ab0b2dad2fsm3405264plq.211 - gsmtp
2023-06-01 12:59:49 1: SMTP ERROR: Password command failed: 535-5.7.8 Username and Password not accepted. Learn more at
535 5.7.8  https://support.google.com/mail/?p=BadCredentials s7-20020a170902a50700b001ab0b2dad2fsm3405264plq.211 - gsmtp
2023-06-01 12:59:49 2: SMTP Error: Could not authenticate.2023-06-01 12:59:49 1: CLIENT -> SERVER: QUIT
2023-06-01 12:59:49 2: SERVER -> CLIENT: 221 2.0.0 closing connection s7-20020a170902a50700b001ab0b2dad2fsm3405264plq.211 - gsmtp
2023-06-01 12:59:49 2: SMTP connect() failed. https://github.com/PHPMailer/PHPMailer/wiki/Troubleshooting